<?xml version="1.0" encoding="UTF-8"?>
<testsuite xmlns:xsi="http://www.w3.org/2001/XMLSchema-instance" xsi:noNamespaceSchemaLocation="https://maven.apache.org/surefire/maven-surefire-plugin/xsd/surefire-test-report.xsd" name="cn.org.sqx.mall.product.webapi.mapper.CategoryMapperTests" time="0.189" tests="3" errors="0" skipped="0" failures="1">
  <properties>
    <property name="sun.desktop" value="windows"/>
    <property name="awt.toolkit" value="sun.awt.windows.WToolkit"/>
    <property name="java.specification.version" value="11"/>
    <property name="sun.cpu.isalist" value="amd64"/>
    <property name="sun.jnu.encoding" value="GBK"/>
    <property name="java.class.path" value="F:\Java\study\selfStudy\DProcess\Project\mall-server\mall-product\mall-product-webapi\target\test-classes;F:\Java\study\selfStudy\DProcess\Project\mall-server\mall-product\mall-product-webapi\target\classes;F:\Java\study\selfStudy\DProcess\Project\mall-server\mall-pojo\target\mall-pojo-1.0-SNAPSHOT.jar;F:\Java\apache-maven-3.6.3\repository\org\springframework\boot\spring-boot-starter-validation\2.5.4\spring-boot-starter-validation-2.5.4.jar;F:\Java\apache-maven-3.6.3\repository\org\springframework\boot\spring-boot-starter\2.5.4\spring-boot-starter-2.5.4.jar;F:\Java\apache-maven-3.6.3\repository\org\springframework\boot\spring-boot\2.5.4\spring-boot-2.5.4.jar;F:\Java\apache-maven-3.6.3\repository\org\springframework\boot\spring-boot-autoconfigure\2.5.4\spring-boot-autoconfigure-2.5.4.jar;F:\Java\apache-maven-3.6.3\repository\org\springframework\boot\spring-boot-starter-logging\2.5.4\spring-boot-starter-logging-2.5.4.jar;F:\Java\apache-maven-3.6.3\repository\ch\qos\logback\logback-classic\1.2.5\logback-classic-1.2.5.jar;F:\Java\apache-maven-3.6.3\repository\ch\qos\logback\logback-core\1.2.5\logback-core-1.2.5.jar;F:\Java\apache-maven-3.6.3\repository\org\apache\logging\log4j\log4j-to-slf4j\2.14.1\log4j-to-slf4j-2.14.1.jar;F:\Java\apache-maven-3.6.3\repository\org\apache\logging\log4j\log4j-api\2.14.1\log4j-api-2.14.1.jar;F:\Java\apache-maven-3.6.3\repository\org\slf4j\jul-to-slf4j\1.7.32\jul-to-slf4j-1.7.32.jar;F:\Java\apache-maven-3.6.3\repository\jakarta\annotation\jakarta.annotation-api\1.3.5\jakarta.annotation-api-1.3.5.jar;F:\Java\apache-maven-3.6.3\repository\org\yaml\snakeyaml\1.28\snakeyaml-1.28.jar;F:\Java\apache-maven-3.6.3\repository\org\apache\tomcat\embed\tomcat-embed-el\9.0.52\tomcat-embed-el-9.0.52.jar;F:\Java\apache-maven-3.6.3\repository\org\hibernate\validator\hibernate-validator\6.2.0.Final\hibernate-validator-6.2.0.Final.jar;F:\Java\apache-maven-3.6.3\repository\jakarta\validation\jakarta.validation-api\2.0.2\jakarta.validation-api-2.0.2.jar;F:\Java\apache-maven-3.6.3\repository\org\jboss\logging\jboss-logging\3.4.2.Final\jboss-logging-3.4.2.Final.jar;F:\Java\apache-maven-3.6.3\repository\com\fasterxml\classmate\1.5.1\classmate-1.5.1.jar;F:\Java\apache-maven-3.6.3\repository\org\springframework\boot\spring-boot-starter-web\2.5.4\spring-boot-starter-web-2.5.4.jar;F:\Java\apache-maven-3.6.3\repository\org\springframework\boot\spring-boot-starter-json\2.5.4\spring-boot-starter-json-2.5.4.jar;F:\Java\apache-maven-3.6.3\repository\com\fasterxml\jackson\core\jackson-databind\2.12.4\jackson-databind-2.12.4.jar;F:\Java\apache-maven-3.6.3\repository\com\fasterxml\jackson\core\jackson-annotations\2.12.4\jackson-annotations-2.12.4.jar;F:\Java\apache-maven-3.6.3\repository\com\fasterxml\jackson\core\jackson-core\2.12.4\jackson-core-2.12.4.jar;F:\Java\apache-maven-3.6.3\repository\com\fasterxml\jackson\datatype\jackson-datatype-jdk8\2.12.4\jackson-datatype-jdk8-2.12.4.jar;F:\Java\apache-maven-3.6.3\repository\com\fasterxml\jackson\datatype\jackson-datatype-jsr310\2.12.4\jackson-datatype-jsr310-2.12.4.jar;F:\Java\apache-maven-3.6.3\repository\com\fasterxml\jackson\module\jackson-module-parameter-names\2.12.4\jackson-module-parameter-names-2.12.4.jar;F:\Java\apache-maven-3.6.3\repository\org\springframework\boot\spring-boot-starter-tomcat\2.5.4\spring-boot-starter-tomcat-2.5.4.jar;F:\Java\apache-maven-3.6.3\repository\org\apache\tomcat\embed\tomcat-embed-core\9.0.52\tomcat-embed-core-9.0.52.jar;F:\Java\apache-maven-3.6.3\repository\org\apache\tomcat\embed\tomcat-embed-websocket\9.0.52\tomcat-embed-websocket-9.0.52.jar;F:\Java\apache-maven-3.6.3\repository\org\springframework\spring-web\5.3.9\spring-web-5.3.9.jar;F:\Java\apache-maven-3.6.3\repository\org\springframework\spring-beans\5.3.9\spring-beans-5.3.9.jar;F:\Java\apache-maven-3.6.3\repository\org\springframework\spring-webmvc\5.3.9\spring-webmvc-5.3.9.jar;F:\Java\apache-maven-3.6.3\repository\org\springframework\spring-aop\5.3.9\spring-aop-5.3.9.jar;F:\Java\apache-maven-3.6.3\repository\org\springframework\spring-context\5.3.9\spring-context-5.3.9.jar;F:\Java\apache-maven-3.6.3\repository\org\springframework\spring-expression\5.3.9\spring-expression-5.3.9.jar;F:\Java\apache-maven-3.6.3\repository\org\mybatis\spring\boot\mybatis-spring-boot-starter\2.2.2\mybatis-spring-boot-starter-2.2.2.jar;F:\Java\apache-maven-3.6.3\repository\org\springframework\boot\spring-boot-starter-jdbc\2.5.4\spring-boot-starter-jdbc-2.5.4.jar;F:\Java\apache-maven-3.6.3\repository\com\zaxxer\HikariCP\4.0.3\HikariCP-4.0.3.jar;F:\Java\apache-maven-3.6.3\repository\org\springframework\spring-jdbc\5.3.9\spring-jdbc-5.3.9.jar;F:\Java\apache-maven-3.6.3\repository\org\springframework\spring-tx\5.3.9\spring-tx-5.3.9.jar;F:\Java\apache-maven-3.6.3\repository\org\mybatis\spring\boot\mybatis-spring-boot-autoconfigure\2.2.2\mybatis-spring-boot-autoconfigure-2.2.2.jar;F:\Java\apache-maven-3.6.3\repository\org\mybatis\mybatis\3.5.9\mybatis-3.5.9.jar;F:\Java\apache-maven-3.6.3\repository\org\mybatis\mybatis-spring\2.0.7\mybatis-spring-2.0.7.jar;F:\Java\apache-maven-3.6.3\repository\mysql\mysql-connector-java\8.0.30\mysql-connector-java-8.0.30.jar;F:\Java\apache-maven-3.6.3\repository\com\google\protobuf\protobuf-java\3.19.4\protobuf-java-3.19.4.jar;F:\Java\apache-maven-3.6.3\repository\org\projectlombok\lombok\1.18.22\lombok-1.18.22.jar;F:\Java\apache-maven-3.6.3\repository\com\alibaba\druid\1.2.9\druid-1.2.9.jar;F:\Java\apache-maven-3.6.3\repository\javax\annotation\javax.annotation-api\1.3.2\javax.annotation-api-1.3.2.jar;F:\Java\apache-maven-3.6.3\repository\org\springframework\boot\spring-boot-starter-test\2.5.4\spring-boot-starter-test-2.5.4.jar;F:\Java\apache-maven-3.6.3\repository\org\springframework\boot\spring-boot-test\2.5.4\spring-boot-test-2.5.4.jar;F:\Java\apache-maven-3.6.3\repository\org\springframework\boot\spring-boot-test-autoconfigure\2.5.4\spring-boot-test-autoconfigure-2.5.4.jar;F:\Java\apache-maven-3.6.3\repository\com\jayway\jsonpath\json-path\2.5.0\json-path-2.5.0.jar;F:\Java\apache-maven-3.6.3\repository\net\minidev\json-smart\2.4.7\json-smart-2.4.7.jar;F:\Java\apache-maven-3.6.3\repository\net\minidev\accessors-smart\2.4.7\accessors-smart-2.4.7.jar;F:\Java\apache-maven-3.6.3\repository\org\ow2\asm\asm\9.1\asm-9.1.jar;F:\Java\apache-maven-3.6.3\repository\org\slf4j\slf4j-api\1.7.32\slf4j-api-1.7.32.jar;F:\Java\apache-maven-3.6.3\repository\jakarta\xml\bind\jakarta.xml.bind-api\2.3.3\jakarta.xml.bind-api-2.3.3.jar;F:\Java\apache-maven-3.6.3\repository\jakarta\activation\jakarta.activation-api\1.2.2\jakarta.activation-api-1.2.2.jar;F:\Java\apache-maven-3.6.3\repository\org\assertj\assertj-core\3.19.0\assertj-core-3.19.0.jar;F:\Java\apache-maven-3.6.3\repository\org\hamcrest\hamcrest\2.2\hamcrest-2.2.jar;F:\Java\apache-maven-3.6.3\repository\org\junit\jupiter\junit-jupiter\5.7.2\junit-jupiter-5.7.2.jar;F:\Java\apache-maven-3.6.3\repository\org\junit\jupiter\junit-jupiter-api\5.7.2\junit-jupiter-api-5.7.2.jar;F:\Java\apache-maven-3.6.3\repository\org\apiguardian\apiguardian-api\1.1.0\apiguardian-api-1.1.0.jar;F:\Java\apache-maven-3.6.3\repository\org\opentest4j\opentest4j\1.2.0\opentest4j-1.2.0.jar;F:\Java\apache-maven-3.6.3\repository\org\junit\platform\junit-platform-commons\1.7.2\junit-platform-commons-1.7.2.jar;F:\Java\apache-maven-3.6.3\repository\org\junit\jupiter\junit-jupiter-params\5.7.2\junit-jupiter-params-5.7.2.jar;F:\Java\apache-maven-3.6.3\repository\org\junit\jupiter\junit-jupiter-engine\5.7.2\junit-jupiter-engine-5.7.2.jar;F:\Java\apache-maven-3.6.3\repository\org\junit\platform\junit-platform-engine\1.7.2\junit-platform-engine-1.7.2.jar;F:\Java\apache-maven-3.6.3\repository\org\mockito\mockito-core\3.9.0\mockito-core-3.9.0.jar;F:\Java\apache-maven-3.6.3\repository\net\bytebuddy\byte-buddy\1.10.22\byte-buddy-1.10.22.jar;F:\Java\apache-maven-3.6.3\repository\net\bytebuddy\byte-buddy-agent\1.10.22\byte-buddy-agent-1.10.22.jar;F:\Java\apache-maven-3.6.3\repository\org\objenesis\objenesis\3.2\objenesis-3.2.jar;F:\Java\apache-maven-3.6.3\repository\org\mockito\mockito-junit-jupiter\3.9.0\mockito-junit-jupiter-3.9.0.jar;F:\Java\apache-maven-3.6.3\repository\org\skyscreamer\jsonassert\1.5.0\jsonassert-1.5.0.jar;F:\Java\apache-maven-3.6.3\repository\com\vaadin\external\google\android-json\0.0.20131108.vaadin1\android-json-0.0.20131108.vaadin1.jar;F:\Java\apache-maven-3.6.3\repository\org\springframework\spring-core\5.3.9\spring-core-5.3.9.jar;F:\Java\apache-maven-3.6.3\repository\org\springframework\spring-jcl\5.3.9\spring-jcl-5.3.9.jar;F:\Java\apache-maven-3.6.3\repository\org\springframework\spring-test\5.3.9\spring-test-5.3.9.jar;F:\Java\apache-maven-3.6.3\repository\org\xmlunit\xmlunit-core\2.8.2\xmlunit-core-2.8.2.jar;"/>
    <property name="java.vm.vendor" value="Oracle Corporation"/>
    <property name="sun.arch.data.model" value="64"/>
    <property name="user.variant" value=""/>
    <property name="java.vendor.url" value="https://openjdk.java.net/"/>
    <property name="user.timezone" value="Asia/Shanghai"/>
    <property name="java.vm.specification.version" value="11"/>
    <property name="os.name" value="Windows 11"/>
    <property name="sun.java.launcher" value="SUN_STANDARD"/>
    <property name="user.country" value="CN"/>
    <property name="sun.boot.library.path" value="F:\Java\jdk\bin"/>
    <property name="sun.java.command" value="C:\Users\三千星\AppData\Local\Temp\surefire13428212479403193738\surefirebooter6524087762373868341.jar C:\Users\三千星\AppData\Local\Temp\surefire13428212479403193738 2022-09-12T19-27-11_691-jvmRun1 surefire5049890403692068022tmp surefire_02240269479498226004tmp"/>
    <property name="jdk.debug" value="release"/>
    <property name="surefire.test.class.path" value="F:\Java\study\selfStudy\DProcess\Project\mall-server\mall-product\mall-product-webapi\target\test-classes;F:\Java\study\selfStudy\DProcess\Project\mall-server\mall-product\mall-product-webapi\target\classes;F:\Java\study\selfStudy\DProcess\Project\mall-server\mall-pojo\target\mall-pojo-1.0-SNAPSHOT.jar;F:\Java\apache-maven-3.6.3\repository\org\springframework\boot\spring-boot-starter-validation\2.5.4\spring-boot-starter-validation-2.5.4.jar;F:\Java\apache-maven-3.6.3\repository\org\springframework\boot\spring-boot-starter\2.5.4\spring-boot-starter-2.5.4.jar;F:\Java\apache-maven-3.6.3\repository\org\springframework\boot\spring-boot\2.5.4\spring-boot-2.5.4.jar;F:\Java\apache-maven-3.6.3\repository\org\springframework\boot\spring-boot-autoconfigure\2.5.4\spring-boot-autoconfigure-2.5.4.jar;F:\Java\apache-maven-3.6.3\repository\org\springframework\boot\spring-boot-starter-logging\2.5.4\spring-boot-starter-logging-2.5.4.jar;F:\Java\apache-maven-3.6.3\repository\ch\qos\logback\logback-classic\1.2.5\logback-classic-1.2.5.jar;F:\Java\apache-maven-3.6.3\repository\ch\qos\logback\logback-core\1.2.5\logback-core-1.2.5.jar;F:\Java\apache-maven-3.6.3\repository\org\apache\logging\log4j\log4j-to-slf4j\2.14.1\log4j-to-slf4j-2.14.1.jar;F:\Java\apache-maven-3.6.3\repository\org\apache\logging\log4j\log4j-api\2.14.1\log4j-api-2.14.1.jar;F:\Java\apache-maven-3.6.3\repository\org\slf4j\jul-to-slf4j\1.7.32\jul-to-slf4j-1.7.32.jar;F:\Java\apache-maven-3.6.3\repository\jakarta\annotation\jakarta.annotation-api\1.3.5\jakarta.annotation-api-1.3.5.jar;F:\Java\apache-maven-3.6.3\repository\org\yaml\snakeyaml\1.28\snakeyaml-1.28.jar;F:\Java\apache-maven-3.6.3\repository\org\apache\tomcat\embed\tomcat-embed-el\9.0.52\tomcat-embed-el-9.0.52.jar;F:\Java\apache-maven-3.6.3\repository\org\hibernate\validator\hibernate-validator\6.2.0.Final\hibernate-validator-6.2.0.Final.jar;F:\Java\apache-maven-3.6.3\repository\jakarta\validation\jakarta.validation-api\2.0.2\jakarta.validation-api-2.0.2.jar;F:\Java\apache-maven-3.6.3\repository\org\jboss\logging\jboss-logging\3.4.2.Final\jboss-logging-3.4.2.Final.jar;F:\Java\apache-maven-3.6.3\repository\com\fasterxml\classmate\1.5.1\classmate-1.5.1.jar;F:\Java\apache-maven-3.6.3\repository\org\springframework\boot\spring-boot-starter-web\2.5.4\spring-boot-starter-web-2.5.4.jar;F:\Java\apache-maven-3.6.3\repository\org\springframework\boot\spring-boot-starter-json\2.5.4\spring-boot-starter-json-2.5.4.jar;F:\Java\apache-maven-3.6.3\repository\com\fasterxml\jackson\core\jackson-databind\2.12.4\jackson-databind-2.12.4.jar;F:\Java\apache-maven-3.6.3\repository\com\fasterxml\jackson\core\jackson-annotations\2.12.4\jackson-annotations-2.12.4.jar;F:\Java\apache-maven-3.6.3\repository\com\fasterxml\jackson\core\jackson-core\2.12.4\jackson-core-2.12.4.jar;F:\Java\apache-maven-3.6.3\repository\com\fasterxml\jackson\datatype\jackson-datatype-jdk8\2.12.4\jackson-datatype-jdk8-2.12.4.jar;F:\Java\apache-maven-3.6.3\repository\com\fasterxml\jackson\datatype\jackson-datatype-jsr310\2.12.4\jackson-datatype-jsr310-2.12.4.jar;F:\Java\apache-maven-3.6.3\repository\com\fasterxml\jackson\module\jackson-module-parameter-names\2.12.4\jackson-module-parameter-names-2.12.4.jar;F:\Java\apache-maven-3.6.3\repository\org\springframework\boot\spring-boot-starter-tomcat\2.5.4\spring-boot-starter-tomcat-2.5.4.jar;F:\Java\apache-maven-3.6.3\repository\org\apache\tomcat\embed\tomcat-embed-core\9.0.52\tomcat-embed-core-9.0.52.jar;F:\Java\apache-maven-3.6.3\repository\org\apache\tomcat\embed\tomcat-embed-websocket\9.0.52\tomcat-embed-websocket-9.0.52.jar;F:\Java\apache-maven-3.6.3\repository\org\springframework\spring-web\5.3.9\spring-web-5.3.9.jar;F:\Java\apache-maven-3.6.3\repository\org\springframework\spring-beans\5.3.9\spring-beans-5.3.9.jar;F:\Java\apache-maven-3.6.3\repository\org\springframework\spring-webmvc\5.3.9\spring-webmvc-5.3.9.jar;F:\Java\apache-maven-3.6.3\repository\org\springframework\spring-aop\5.3.9\spring-aop-5.3.9.jar;F:\Java\apache-maven-3.6.3\repository\org\springframework\spring-context\5.3.9\spring-context-5.3.9.jar;F:\Java\apache-maven-3.6.3\repository\org\springframework\spring-expression\5.3.9\spring-expression-5.3.9.jar;F:\Java\apache-maven-3.6.3\repository\org\mybatis\spring\boot\mybatis-spring-boot-starter\2.2.2\mybatis-spring-boot-starter-2.2.2.jar;F:\Java\apache-maven-3.6.3\repository\org\springframework\boot\spring-boot-starter-jdbc\2.5.4\spring-boot-starter-jdbc-2.5.4.jar;F:\Java\apache-maven-3.6.3\repository\com\zaxxer\HikariCP\4.0.3\HikariCP-4.0.3.jar;F:\Java\apache-maven-3.6.3\repository\org\springframework\spring-jdbc\5.3.9\spring-jdbc-5.3.9.jar;F:\Java\apache-maven-3.6.3\repository\org\springframework\spring-tx\5.3.9\spring-tx-5.3.9.jar;F:\Java\apache-maven-3.6.3\repository\org\mybatis\spring\boot\mybatis-spring-boot-autoconfigure\2.2.2\mybatis-spring-boot-autoconfigure-2.2.2.jar;F:\Java\apache-maven-3.6.3\repository\org\mybatis\mybatis\3.5.9\mybatis-3.5.9.jar;F:\Java\apache-maven-3.6.3\repository\org\mybatis\mybatis-spring\2.0.7\mybatis-spring-2.0.7.jar;F:\Java\apache-maven-3.6.3\repository\mysql\mysql-connector-java\8.0.30\mysql-connector-java-8.0.30.jar;F:\Java\apache-maven-3.6.3\repository\com\google\protobuf\protobuf-java\3.19.4\protobuf-java-3.19.4.jar;F:\Java\apache-maven-3.6.3\repository\org\projectlombok\lombok\1.18.22\lombok-1.18.22.jar;F:\Java\apache-maven-3.6.3\repository\com\alibaba\druid\1.2.9\druid-1.2.9.jar;F:\Java\apache-maven-3.6.3\repository\javax\annotation\javax.annotation-api\1.3.2\javax.annotation-api-1.3.2.jar;F:\Java\apache-maven-3.6.3\repository\org\springframework\boot\spring-boot-starter-test\2.5.4\spring-boot-starter-test-2.5.4.jar;F:\Java\apache-maven-3.6.3\repository\org\springframework\boot\spring-boot-test\2.5.4\spring-boot-test-2.5.4.jar;F:\Java\apache-maven-3.6.3\repository\org\springframework\boot\spring-boot-test-autoconfigure\2.5.4\spring-boot-test-autoconfigure-2.5.4.jar;F:\Java\apache-maven-3.6.3\repository\com\jayway\jsonpath\json-path\2.5.0\json-path-2.5.0.jar;F:\Java\apache-maven-3.6.3\repository\net\minidev\json-smart\2.4.7\json-smart-2.4.7.jar;F:\Java\apache-maven-3.6.3\repository\net\minidev\accessors-smart\2.4.7\accessors-smart-2.4.7.jar;F:\Java\apache-maven-3.6.3\repository\org\ow2\asm\asm\9.1\asm-9.1.jar;F:\Java\apache-maven-3.6.3\repository\org\slf4j\slf4j-api\1.7.32\slf4j-api-1.7.32.jar;F:\Java\apache-maven-3.6.3\repository\jakarta\xml\bind\jakarta.xml.bind-api\2.3.3\jakarta.xml.bind-api-2.3.3.jar;F:\Java\apache-maven-3.6.3\repository\jakarta\activation\jakarta.activation-api\1.2.2\jakarta.activation-api-1.2.2.jar;F:\Java\apache-maven-3.6.3\repository\org\assertj\assertj-core\3.19.0\assertj-core-3.19.0.jar;F:\Java\apache-maven-3.6.3\repository\org\hamcrest\hamcrest\2.2\hamcrest-2.2.jar;F:\Java\apache-maven-3.6.3\repository\org\junit\jupiter\junit-jupiter\5.7.2\junit-jupiter-5.7.2.jar;F:\Java\apache-maven-3.6.3\repository\org\junit\jupiter\junit-jupiter-api\5.7.2\junit-jupiter-api-5.7.2.jar;F:\Java\apache-maven-3.6.3\repository\org\apiguardian\apiguardian-api\1.1.0\apiguardian-api-1.1.0.jar;F:\Java\apache-maven-3.6.3\repository\org\opentest4j\opentest4j\1.2.0\opentest4j-1.2.0.jar;F:\Java\apache-maven-3.6.3\repository\org\junit\platform\junit-platform-commons\1.7.2\junit-platform-commons-1.7.2.jar;F:\Java\apache-maven-3.6.3\repository\org\junit\jupiter\junit-jupiter-params\5.7.2\junit-jupiter-params-5.7.2.jar;F:\Java\apache-maven-3.6.3\repository\org\junit\jupiter\junit-jupiter-engine\5.7.2\junit-jupiter-engine-5.7.2.jar;F:\Java\apache-maven-3.6.3\repository\org\junit\platform\junit-platform-engine\1.7.2\junit-platform-engine-1.7.2.jar;F:\Java\apache-maven-3.6.3\repository\org\mockito\mockito-core\3.9.0\mockito-core-3.9.0.jar;F:\Java\apache-maven-3.6.3\repository\net\bytebuddy\byte-buddy\1.10.22\byte-buddy-1.10.22.jar;F:\Java\apache-maven-3.6.3\repository\net\bytebuddy\byte-buddy-agent\1.10.22\byte-buddy-agent-1.10.22.jar;F:\Java\apache-maven-3.6.3\repository\org\objenesis\objenesis\3.2\objenesis-3.2.jar;F:\Java\apache-maven-3.6.3\repository\org\mockito\mockito-junit-jupiter\3.9.0\mockito-junit-jupiter-3.9.0.jar;F:\Java\apache-maven-3.6.3\repository\org\skyscreamer\jsonassert\1.5.0\jsonassert-1.5.0.jar;F:\Java\apache-maven-3.6.3\repository\com\vaadin\external\google\android-json\0.0.20131108.vaadin1\android-json-0.0.20131108.vaadin1.jar;F:\Java\apache-maven-3.6.3\repository\org\springframework\spring-core\5.3.9\spring-core-5.3.9.jar;F:\Java\apache-maven-3.6.3\repository\org\springframework\spring-jcl\5.3.9\spring-jcl-5.3.9.jar;F:\Java\apache-maven-3.6.3\repository\org\springframework\spring-test\5.3.9\spring-test-5.3.9.jar;F:\Java\apache-maven-3.6.3\repository\org\xmlunit\xmlunit-core\2.8.2\xmlunit-core-2.8.2.jar;"/>
    <property name="sun.cpu.endian" value="little"/>
    <property name="user.home" value="C:\Users\三千星"/>
    <property name="user.language" value="zh"/>
    <property name="java.specification.vendor" value="Oracle Corporation"/>
    <property name="java.version.date" value="2022-04-22"/>
    <property name="java.home" value="F:\Java\jdk"/>
    <property name="file.separator" value="\"/>
    <property name="basedir" value="F:\Java\study\selfStudy\DProcess\Project\mall-server\mall-product\mall-product-webapi"/>
    <property name="java.vm.compressedOopsMode" value="Zero based"/>
    <property name="line.separator" value="&#10;"/>
    <property name="java.specification.name" value="Java Platform API Specification"/>
    <property name="java.vm.specification.vendor" value="Oracle Corporation"/>
    <property name="java.awt.graphicsenv" value="sun.awt.Win32GraphicsEnvironment"/>
    <property name="surefire.real.class.path" value="C:\Users\三千星\AppData\Local\Temp\surefire13428212479403193738\surefirebooter6524087762373868341.jar"/>
    <property name="user.script" value=""/>
    <property name="sun.management.compiler" value="HotSpot 64-Bit Tiered Compilers"/>
    <property name="java.runtime.version" value="11.0.15.1+2-LTS-10"/>
    <property name="user.name" value="三千星"/>
    <property name="path.separator" value=";"/>
    <property name="os.version" value="10.0"/>
    <property name="java.runtime.name" value="Java(TM) SE Runtime Environment"/>
    <property name="file.encoding" value="GBK"/>
    <property name="java.vm.name" value="Java HotSpot(TM) 64-Bit Server VM"/>
    <property name="java.vendor.version" value="18.9"/>
    <property name="localRepository" value="F:\Java\apache-maven-3.6.3\repository"/>
    <property name="java.vendor.url.bug" value="https://bugreport.java.com/bugreport/"/>
    <property name="java.io.tmpdir" value="C:\Users\三千星\AppData\Local\Temp\"/>
    <property name="idea.version" value="2021.3.1"/>
    <property name="java.version" value="11.0.15.1"/>
    <property name="user.dir" value="F:\Java\study\selfStudy\DProcess\Project\mall-server\mall-product\mall-product-webapi"/>
    <property name="os.arch" value="amd64"/>
    <property name="java.vm.specification.name" value="Java Virtual Machine Specification"/>
    <property name="java.awt.printerjob" value="sun.awt.windows.WPrinterJob"/>
    <property name="sun.os.patch.level" value=""/>
    <property name="java.library.path" value="F:\Java\jdk\bin;C:\Windows\Sun\Java\bin;C:\Windows\system32;C:\Windows;F:\Java\jdk\bin;D:\Program Files (x86)\VMware\bin\;C:\Windows\system32;C:\Windows;C:\Windows\System32\Wbem;C:\Windows\System32\WindowsPowerShell\v1.0\;C:\Windows\System32\OpenSSH\;C:\Program Files (x86)\NVIDIA Corporation\PhysX\Common;C:\Program Files\NVIDIA Corporation\NVIDIA NvDLISR;D:\Program Files (x86)\Xshell 7\;C:\Program Files (x86)\Microsoft ASP.NET\ASP.NET Web Pages\v1.0\;D:\Program Files (x86)\NetSarang\Xftp 7\;F:\Java\apache-maven-3.6.3\bin;D:\Program Files\nodejs\;d:\Program Files\Git\cmd;C:\Program Files\dotnet\;F:\Java\study\selfStudy\HProcess\Project\shanjupay-web\node_modules\.bin;d:\Program Files (x86)\Git\cmd;D:\Program Files\VisualSVN Server\bin;D:\Program Files\TortoiseSVN\bin;C:\Users\三千星\AppData\Local\Microsoft\WindowsApps;d:\Users\三千星\AppData\Local\Programs\Microsoft VS Code\bin;C:\Program Files\Bandizip\;D:\Intellij\WebStorm 2021.2.3\bin;;D:\Intellij\CLion 211.4961.39\bin;;D:\MinGW\bin;C:\Users\三千星\AppData\Roaming\npm;D:\Program Files (x86)\Prince\engine\bin;C:\Users\三千星\.dotnet\tools;."/>
    <property name="java.vendor" value="Oracle Corporation"/>
    <property name="java.vm.info" value="mixed mode"/>
    <property name="java.vm.version" value="11.0.15.1+2-LTS-10"/>
    <property name="sun.io.unicode.encoding" value="UnicodeLittle"/>
    <property name="maven.repo.local" value="F:\Java\apache-maven-3.6.3\repository"/>
    <property name="java.class.version" value="55.0"/>
  </properties>
  <testcase name="testGetByNameFailBecauseNotFound" classname="cn.org.sqx.mall.product.webapi.mapper.CategoryMapperTests" time="0.112"/>
  <testcase name="testInsert" classname="cn.org.sqx.mall.product.webapi.mapper.CategoryMapperTests" time="0.033"/>
  <testcase name="testGetByNameSuccessfully" classname="cn.org.sqx.mall.product.webapi.mapper.CategoryMapperTests" time="0.036">
    <failure message="Unexpected exception thrown: org.opentest4j.AssertionFailedError: expected: not &lt;null&gt;" type="org.opentest4j.AssertionFailedError"><![CDATA[org.opentest4j.AssertionFailedError: Unexpected exception thrown: org.opentest4j.AssertionFailedError: expected: not <null>
	at cn.org.sqx.mall.product.webapi.mapper.CategoryMapperTests.testGetByNameSuccessfully(CategoryMapperTests.java:43)
Caused by: org.opentest4j.AssertionFailedError: expected: not <null>
	at cn.org.sqx.mall.product.webapi.mapper.CategoryMapperTests.lambda$testGetByNameSuccessfully$1(CategoryMapperTests.java:47)
	at cn.org.sqx.mall.product.webapi.mapper.CategoryMapperTests.testGetByNameSuccessfully(CategoryMapperTests.java:43)
]]></failure>
    <system-out><![CDATA[2022-09-12 19:27:17.450 DEBUG 1568 --- [           main] c.o.s.m.p.w.m.CategoryMapper.getByName   : ==>  Preparing: select id from pms_category where name=?;
2022-09-12 19:27:17.450 DEBUG 1568 --- [           main] c.o.s.m.p.w.m.CategoryMapper.getByName   : ==> Parameters: 类别001(String)
2022-09-12 19:27:17.451 DEBUG 1568 --- [           main] c.o.s.m.p.w.m.CategoryMapper.getByName   : <==      Total: 0
]]></system-out>
  </testcase>
</testsuite>